<?xml version="1.0" encoding="UTF-8"?>
<!-- Generated by org.testng.reporters.JUnitXMLReporter -->
<testsuite hostname="rupesh" failures="1" tests="1" name="Test" time="19.553" errors="0" timestamp="28 Jul 2020 15:42:14 GMT">
  <testcase classname="assignments.QuantInstiTest_new" name="QuantIntiTest" time="19.125">
    <failure type="java.lang.AssertionError" message="Assignment 1 test scenario failed">
      <![CDATA[java.lang.AssertionError: Assignment 1 test scenario failed
	at assignments.QuantInstiTest_new.QuantIntiTest(QuantInstiTest_new.java:225)
... Removed 25 stack frames]]>
    </failure>
  </testcase> <!-- QuantIntiTest -->
</testsuite> <!-- Test -->
